\BOOKMARK [0][-]{chapter.1}{Introduction}{}% 1
\BOOKMARK [1][-]{section.1.1}{Quantifying Entanglement}{chapter.1}% 2
\BOOKMARK [2][-]{subsection.1.1.1}{Shannon Entropy}{section.1.1}% 3
\BOOKMARK [2][-]{subsection.1.1.2}{Von Neumann Entropy}{section.1.1}% 4
\BOOKMARK [2][-]{subsection.1.1.3}{R\351nyi Entropy}{section.1.1}% 5
\BOOKMARK [1][-]{section.1.2}{Measurement on a microscopic model}{chapter.1}% 6
\BOOKMARK [2][-]{subsection.1.2.1}{The tV model}{section.1.2}% 7
\BOOKMARK [1][-]{section.1.3}{Types of bipartitions}{chapter.1}% 8
\BOOKMARK [2][-]{subsection.1.3.1}{Entanglement between spatial subregions}{section.1.3}% 9
\BOOKMARK [2][-]{subsection.1.3.2}{Entanglement between subsets of particles}{section.1.3}% 10
\BOOKMARK [2][-]{subsection.1.3.3}{Operational Entanglement}{section.1.3}% 11
\BOOKMARK [0][-]{chapter.2}{Operational Entanglement Entropy in the tV Model}{}% 12
\BOOKMARK [1][-]{section.2.1}{The operational entanglement}{chapter.2}% 13
\BOOKMARK [2][-]{subsection.2.1.1}{Projecting onto subspaces of fixed local particle number}{section.2.1}% 14
\BOOKMARK [1][-]{section.2.2}{Analytical results at various regimes of the tV model}{chapter.2}% 15
\BOOKMARK [2][-]{subsection.2.2.1}{Infinitely repulsive interaction}{section.2.2}% 16
\BOOKMARK [3][-]{subsubsection.2.2.1.1}{Even N}{subsection.2.2.1}% 17
\BOOKMARK [3][-]{subsubsection.2.2.1.2}{Odd N}{subsection.2.2.1}% 18
\BOOKMARK [2][-]{subsection.2.2.2}{Infinitely attractive interaction}{section.2.2}% 19
\BOOKMARK [3][-]{subsubsection.2.2.2.1}{Half-filling}{subsection.2.2.2}% 20
\BOOKMARK [3][-]{subsubsection.2.2.2.2}{Analytical result for any filling fraction and partition size}{subsection.2.2.2}% 21
\BOOKMARK [2][-]{subsection.2.2.3}{First order phase transition}{section.2.2}% 22
\BOOKMARK [1][-]{section.2.3}{Numerical Results}{chapter.2}% 23
\BOOKMARK [2][-]{subsection.2.3.1}{Operational entanglement as a function of interaction strength}{section.2.3}% 24
\BOOKMARK [2][-]{subsection.2.3.2}{Scaling of operational entanglement peak}{section.2.3}% 25
\BOOKMARK [2][-]{subsection.2.3.3}{Entanglement of fluctuations}{section.2.3}% 26
\BOOKMARK [0][-]{chapter.3}{Particle Partition Entanglement in the tV Model}{}% 27
\BOOKMARK [1][-]{section.3.1}{Interaction effects on the entanglement entropy}{chapter.3}% 28
\BOOKMARK [1][-]{section.3.2}{Scaling of entanglement with system size}{chapter.3}% 29
\BOOKMARK [0][-]{appendix.A}{Appendix}{}% 30
\BOOKMARK [0][-]{appendix.B}{Appendix}{}% 31
\BOOKMARK [0][-]{section*.4}{References}{}% 32
